<?xml version="1.0" encoding="UTF-8"?>
<!-- Generated by org.testng.reporters.JUnitReportReporter -->
<testsuite hostname="VSKLTTVR" failures="0" tests="1" name="com.fadx.maven.fashion.Tests.LoginfadxTests" time="14.074" errors="0" timestamp="2020-01-21T16:13:09 IST" skipped="0">
  <testcase classname="com.fadx.maven.fashion.Tests.LoginfadxTests" name="UserLogin" time="14.074"/>
</testsuite> <!-- com.fadx.maven.fashion.Tests.LoginfadxTests -->
